<?xml version="1.0" encoding="UTF-8"?>
<testsuite name="StringCalculatorTest" tests="1" skipped="0" failures="0" errors="0" timestamp="2022-01-06T15:14:13" hostname="rumor1993ui-iMac.local" time="0.046">
  <properties/>
  <testcase name="case2()" classname="StringCalculatorTest" time="0.046"/>
  <system-out><![CDATA[]]></system-out>
  <system-err><![CDATA[]]></system-err>
</testsuite>
